<?xml version="1.0" encoding="UTF-8"?>
<robot generator="Robot 4.1.2 (Python 3.10.0 on win32)" generated="20220108 13:43:50.376" rpa="false" schemaversion="2">
<suite id="s1" name="Test" source="C:\qaninja\robot\hello\test.robot">
<test id="s1-t1" name="Deve retornar mensagem de boas vindas">
<kw name="Welcome" library="app">
<var>${result}</var>
<arg>Fabio</arg>
<msg timestamp="20220108 13:43:50.421" level="INFO">${result} = Olá Fabio, bem vindo ao Curso básico de Robot Framework</msg>
<status status="PASS" starttime="20220108 13:43:50.421" endtime="20220108 13:43:50.421"/>
</kw>
<kw name="Should Be Equal" library="BuiltIn">
<arg>${result}</arg>
<arg>Olá Fabio, bem vindo ao Curso básico de Robot Framework</arg>
<doc>Fails if the given objects are unequal.</doc>
<status status="PASS" starttime="20220108 13:43:50.421" endtime="20220108 13:43:50.422"/>
</kw>
<status status="PASS" starttime="20220108 13:43:50.419" endtime="20220108 13:43:50.422"/>
</test>
<status status="PASS" starttime="20220108 13:43:50.378" endtime="20220108 13:43:50.424"/>
</suite>
<statistics>
<total>
<stat pass="1" fail="0" skip="0">All Tests</stat>
</total>
<tag>
</tag>
<suite>
<stat pass="1" fail="0" skip="0" id="s1" name="Test">Test</stat>
</suite>
</statistics>
<errors>
</errors>
</robot>
