<?xml version="1.0" encoding="UTF-8"?>
<robot generator="Robot 4.1.3 (Python 3.8.1 on win32)" generated="20220118 14:41:18.656" rpa="false" schemaversion="2">
<suite id="s1" name="Select" source="C:\qaninja\robot\robot-framework-selenium\web\tests\select.robot">
<test id="s1-t1" name="Selecionar por texto e validar pelo valor">
<kw name="Nova sessão" library="base" type="SETUP">
<kw name="Open Browser" library="SeleniumLibrary">
<arg>${url}</arg>
<arg>chrome</arg>
<doc>Opens a new browser instance to the optional ``url``.</doc>
<msg timestamp="20220118 14:41:18.959" level="INFO">Opening browser 'chrome' to base url 'https://training-wheels-protocol.herokuapp.com'.</msg>
<status status="PASS" starttime="20220118 14:41:18.959" endtime="20220118 14:41:24.297"/>
</kw>
<status status="PASS" starttime="20220118 14:41:18.959" endtime="20220118 14:41:24.298"/>
</kw>
<kw name="Go To" library="SeleniumLibrary">
<arg>${url}/dropdown</arg>
<doc>Navigates the current browser window to the provided ``url``.</doc>
<msg timestamp="20220118 14:41:24.298" level="INFO">Opening url 'https://training-wheels-protocol.herokuapp.com/dropdown'</msg>
<status status="PASS" starttime="20220118 14:41:24.298" endtime="20220118 14:41:24.667"/>
</kw>
<kw name="Select From List By Label" library="SeleniumLibrary">
<arg>class:avenger-list</arg>
<arg>Scott Lang</arg>
<doc>Selects options from selection list ``locator`` by ``labels``.</doc>
<msg timestamp="20220118 14:41:24.668" level="INFO">Selecting options from selection list 'class:avenger-list' by label Scott Lang.</msg>
<status status="PASS" starttime="20220118 14:41:24.668" endtime="20220118 14:41:24.742"/>
</kw>
<kw name="Get Selected List Value" library="SeleniumLibrary">
<var>${selected}</var>
<arg>class:avenger-list</arg>
<doc>Returns the value of selected option from selection list ``locator``.</doc>
<msg timestamp="20220118 14:41:24.863" level="INFO">${selected} = 7</msg>
<status status="PASS" starttime="20220118 14:41:24.742" endtime="20220118 14:41:24.863"/>
</kw>
<kw name="Should Be Equal" library="BuiltIn">
<arg>${selected}</arg>
<arg>7</arg>
<doc>Fails if the given objects are unequal.</doc>
<status status="PASS" starttime="20220118 14:41:24.864" endtime="20220118 14:41:24.865"/>
</kw>
<kw name="Encerra sessão" library="base" type="TEARDOWN">
<kw name="Capture Page Screenshot" library="SeleniumLibrary">
<doc>Takes a screenshot of the current page and embeds it into a log file.</doc>
<msg timestamp="20220118 14:41:25.056" level="INFO" html="true">&lt;/td&gt;&lt;/tr&gt;&lt;tr&gt;&lt;td colspan="3"&gt;&lt;a href="selenium-screenshot-17.png"&gt;&lt;img src="selenium-screenshot-17.png" width="800px"&gt;&lt;/a&gt;</msg>
<status status="PASS" starttime="20220118 14:41:24.871" endtime="20220118 14:41:25.056"/>
</kw>
<kw name="Close Browser" library="SeleniumLibrary">
<doc>Closes the current browser.</doc>
<status status="PASS" starttime="20220118 14:41:25.056" endtime="20220118 14:41:27.292"/>
</kw>
<status status="PASS" starttime="20220118 14:41:24.868" endtime="20220118 14:41:27.292"/>
</kw>
<status status="PASS" starttime="20220118 14:41:18.958" endtime="20220118 14:41:27.293"/>
</test>
<test id="s1-t2" name="Selecionar pelo valor e validar pelo texto">
<kw name="Nova sessão" library="base" type="SETUP">
<kw name="Open Browser" library="SeleniumLibrary">
<arg>${url}</arg>
<arg>chrome</arg>
<doc>Opens a new browser instance to the optional ``url``.</doc>
<msg timestamp="20220118 14:41:27.300" level="INFO">Opening browser 'chrome' to base url 'https://training-wheels-protocol.herokuapp.com'.</msg>
<status status="PASS" starttime="20220118 14:41:27.300" endtime="20220118 14:41:33.014"/>
</kw>
<status status="PASS" starttime="20220118 14:41:27.299" endtime="20220118 14:41:33.015"/>
</kw>
<kw name="Go To" library="SeleniumLibrary">
<arg>${url}/dropdown</arg>
<doc>Navigates the current browser window to the provided ``url``.</doc>
<msg timestamp="20220118 14:41:33.016" level="INFO">Opening url 'https://training-wheels-protocol.herokuapp.com/dropdown'</msg>
<status status="PASS" starttime="20220118 14:41:33.016" endtime="20220118 14:41:33.285"/>
</kw>
<kw name="Select From List By Value" library="SeleniumLibrary">
<arg>id:dropdown</arg>
<arg>6</arg>
<doc>Selects options from selection list ``locator`` by ``values``.</doc>
<msg timestamp="20220118 14:41:33.286" level="INFO">Selecting options from selection list 'id:dropdown' by value 6.</msg>
<status status="PASS" starttime="20220118 14:41:33.286" endtime="20220118 14:41:33.367"/>
</kw>
<kw name="Get Selected List Label" library="SeleniumLibrary">
<var>${selected}</var>
<arg>id:dropdown</arg>
<doc>Returns the label of selected option from selection list ``locator``.</doc>
<msg timestamp="20220118 14:41:33.475" level="INFO">${selected} = Loki</msg>
<status status="PASS" starttime="20220118 14:41:33.367" endtime="20220118 14:41:33.475"/>
</kw>
<kw name="Should Be Equal" library="BuiltIn">
<arg>${selected}</arg>
<arg>Loki</arg>
<doc>Fails if the given objects are unequal.</doc>
<status status="PASS" starttime="20220118 14:41:33.475" endtime="20220118 14:41:33.476"/>
</kw>
<kw name="Encerra sessão" library="base" type="TEARDOWN">
<kw name="Capture Page Screenshot" library="SeleniumLibrary">
<doc>Takes a screenshot of the current page and embeds it into a log file.</doc>
<msg timestamp="20220118 14:41:33.727" level="INFO" html="true">&lt;/td&gt;&lt;/tr&gt;&lt;tr&gt;&lt;td colspan="3"&gt;&lt;a href="selenium-screenshot-18.png"&gt;&lt;img src="selenium-screenshot-18.png" width="800px"&gt;&lt;/a&gt;</msg>
<status status="PASS" starttime="20220118 14:41:33.477" endtime="20220118 14:41:33.727"/>
</kw>
<kw name="Close Browser" library="SeleniumLibrary">
<doc>Closes the current browser.</doc>
<status status="PASS" starttime="20220118 14:41:33.727" endtime="20220118 14:41:35.905"/>
</kw>
<status status="PASS" starttime="20220118 14:41:33.476" endtime="20220118 14:41:35.907"/>
</kw>
<status status="PASS" starttime="20220118 14:41:27.298" endtime="20220118 14:41:35.908"/>
</test>
<status status="PASS" starttime="20220118 14:41:18.658" endtime="20220118 14:41:35.915"/>
</suite>
<statistics>
<total>
<stat pass="2" fail="0" skip="0">All Tests</stat>
</total>
<tag>
</tag>
<suite>
<stat pass="2" fail="0" skip="0" id="s1" name="Select">Select</stat>
</suite>
</statistics>
<errors>
</errors>
</robot>
