<?xml version="1.0" encoding="UTF-8"?>
<robot generator="Robot 4.1.3 (Python 3.8.1 on win32)" generated="20220126 17:22:16.617" rpa="false" schemaversion="2">
<suite id="s1" name="Login Form" source="c:\qaninja\robot\robot-framework-selenium\web\tests\login_form.robot">
<test id="s1-t1" name="Login com sucesso usando css selector">
<kw name="Nova sessão" library="base" type="SETUP">
<kw name="Open Browser" library="SeleniumLibrary">
<arg>${url}</arg>
<arg>chrome</arg>
<doc>Opens a new browser instance to the optional ``url``.</doc>
<msg timestamp="20220126 17:22:17.114" level="INFO">Opening browser 'chrome' to base url 'https://training-wheels-protocol.herokuapp.com'.</msg>
<status status="PASS" starttime="20220126 17:22:17.114" endtime="20220126 17:22:24.176"/>
</kw>
<status status="PASS" starttime="20220126 17:22:17.113" endtime="20220126 17:22:24.176"/>
</kw>
<kw name="Go To" library="SeleniumLibrary">
<arg>${url}/login</arg>
<doc>Navigates the current browser window to the provided ``url``.</doc>
<msg timestamp="20220126 17:22:24.176" level="INFO">Opening url 'https://training-wheels-protocol.herokuapp.com/login'</msg>
<status status="PASS" starttime="20220126 17:22:24.176" endtime="20220126 17:22:24.990"/>
</kw>
<kw name="Login With">
<arg>stark</arg>
<arg>jarvis!</arg>
<kw name="Input Text" library="SeleniumLibrary">
<arg>css:input[name=username]</arg>
<arg>${username}</arg>
<doc>Types the given ``text`` into the text field identified by ``locator``.</doc>
<msg timestamp="20220126 17:22:24.994" level="INFO">Typing text 'stark' into text field 'css:input[name=username]'.</msg>
<status status="PASS" starttime="20220126 17:22:24.993" endtime="20220126 17:22:25.189"/>
</kw>
<kw name="Input Text" library="SeleniumLibrary">
<arg>css:input[name=password]</arg>
<arg>${password}</arg>
<doc>Types the given ``text`` into the text field identified by ``locator``.</doc>
<msg timestamp="20220126 17:22:25.192" level="INFO">Typing text 'jarvis!' into text field 'css:input[name=password]'.</msg>
<status status="PASS" starttime="20220126 17:22:25.190" endtime="20220126 17:22:25.360"/>
</kw>
<kw name="Click Element" library="SeleniumLibrary">
<arg>class:btn-login</arg>
<doc>Click the element identified by ``locator``.</doc>
<msg timestamp="20220126 17:22:25.361" level="INFO">Clicking element 'class:btn-login'.</msg>
<status status="PASS" starttime="20220126 17:22:25.361" endtime="20220126 17:22:26.063"/>
</kw>
<status status="PASS" starttime="20220126 17:22:24.992" endtime="20220126 17:22:26.064"/>
</kw>
<kw name="Page Should Contain" library="SeleniumLibrary">
<arg>Olá, Tony Stark. Você acessou a área logada!</arg>
<doc>Verifies that current page contains ``text``.</doc>
<msg timestamp="20220126 17:22:26.089" level="INFO">Current page contains text 'Olá, Tony Stark. Você acessou a área logada!'.</msg>
<status status="PASS" starttime="20220126 17:22:26.064" endtime="20220126 17:22:26.089"/>
</kw>
<kw name="Encerra sessão" library="base" type="TEARDOWN">
<kw name="Capture Page Screenshot" library="SeleniumLibrary">
<doc>Takes a screenshot of the current page and embeds it into a log file.</doc>
<msg timestamp="20220126 17:22:26.319" level="INFO" html="true">&lt;/td&gt;&lt;/tr&gt;&lt;tr&gt;&lt;td colspan="3"&gt;&lt;a href="selenium-screenshot-43.png"&gt;&lt;img src="selenium-screenshot-43.png" width="800px"&gt;&lt;/a&gt;</msg>
<status status="PASS" starttime="20220126 17:22:26.092" endtime="20220126 17:22:26.319"/>
</kw>
<kw name="Close Browser" library="SeleniumLibrary">
<doc>Closes the current browser.</doc>
<status status="PASS" starttime="20220126 17:22:26.319" endtime="20220126 17:22:28.679"/>
</kw>
<status status="PASS" starttime="20220126 17:22:26.091" endtime="20220126 17:22:28.680"/>
</kw>
<status status="PASS" starttime="20220126 17:22:17.112" endtime="20220126 17:22:28.681"/>
</test>
<test id="s1-t2" name="Login com sucesso usando id">
<kw name="Nova sessão" library="base" type="SETUP">
<kw name="Open Browser" library="SeleniumLibrary">
<arg>${url}</arg>
<arg>chrome</arg>
<doc>Opens a new browser instance to the optional ``url``.</doc>
<msg timestamp="20220126 17:22:28.687" level="INFO">Opening browser 'chrome' to base url 'https://training-wheels-protocol.herokuapp.com'.</msg>
<status status="PASS" starttime="20220126 17:22:28.687" endtime="20220126 17:22:34.081"/>
</kw>
<status status="PASS" starttime="20220126 17:22:28.686" endtime="20220126 17:22:34.081"/>
</kw>
<kw name="Go To" library="SeleniumLibrary">
<arg>${url}/login</arg>
<doc>Navigates the current browser window to the provided ``url``.</doc>
<msg timestamp="20220126 17:22:34.089" level="INFO">Opening url 'https://training-wheels-protocol.herokuapp.com/login'</msg>
<status status="PASS" starttime="20220126 17:22:34.087" endtime="20220126 17:22:34.985"/>
</kw>
<kw name="Input Text" library="SeleniumLibrary">
<arg>id:userId</arg>
<arg>stark</arg>
<doc>Types the given ``text`` into the text field identified by ``locator``.</doc>
<msg timestamp="20220126 17:22:34.990" level="INFO">Typing text 'stark' into text field 'id:userId'.</msg>
<status status="PASS" starttime="20220126 17:22:34.989" endtime="20220126 17:22:35.171"/>
</kw>
<kw name="Input Text" library="SeleniumLibrary">
<arg>id:passId</arg>
<arg>jarvis!</arg>
<doc>Types the given ``text`` into the text field identified by ``locator``.</doc>
<msg timestamp="20220126 17:22:35.171" level="INFO">Typing text 'jarvis!' into text field 'id:passId'.</msg>
<status status="PASS" starttime="20220126 17:22:35.171" endtime="20220126 17:22:35.338"/>
</kw>
<kw name="Click Element" library="SeleniumLibrary">
<arg>class:btn-login</arg>
<doc>Click the element identified by ``locator``.</doc>
<msg timestamp="20220126 17:22:35.340" level="INFO">Clicking element 'class:btn-login'.</msg>
<status status="PASS" starttime="20220126 17:22:35.340" endtime="20220126 17:22:36.060"/>
</kw>
<kw name="Page Should Contain" library="SeleniumLibrary">
<arg>Olá, Tony Stark. Você acessou a área logada!</arg>
<doc>Verifies that current page contains ``text``.</doc>
<msg timestamp="20220126 17:22:36.087" level="INFO">Current page contains text 'Olá, Tony Stark. Você acessou a área logada!'.</msg>
<status status="PASS" starttime="20220126 17:22:36.061" endtime="20220126 17:22:36.087"/>
</kw>
<kw name="Encerra sessão" library="base" type="TEARDOWN">
<kw name="Capture Page Screenshot" library="SeleniumLibrary">
<doc>Takes a screenshot of the current page and embeds it into a log file.</doc>
<msg timestamp="20220126 17:22:36.350" level="INFO" html="true">&lt;/td&gt;&lt;/tr&gt;&lt;tr&gt;&lt;td colspan="3"&gt;&lt;a href="selenium-screenshot-44.png"&gt;&lt;img src="selenium-screenshot-44.png" width="800px"&gt;&lt;/a&gt;</msg>
<status status="PASS" starttime="20220126 17:22:36.087" endtime="20220126 17:22:36.350"/>
</kw>
<kw name="Close Browser" library="SeleniumLibrary">
<doc>Closes the current browser.</doc>
<status status="PASS" starttime="20220126 17:22:36.350" endtime="20220126 17:22:38.656"/>
</kw>
<status status="PASS" starttime="20220126 17:22:36.087" endtime="20220126 17:22:38.657"/>
</kw>
<status status="PASS" starttime="20220126 17:22:28.685" endtime="20220126 17:22:38.658"/>
</test>
<test id="s1-t3" name="Senha inválida">
<kw name="Nova sessão" library="base" type="SETUP">
<kw name="Open Browser" library="SeleniumLibrary">
<arg>${url}</arg>
<arg>chrome</arg>
<doc>Opens a new browser instance to the optional ``url``.</doc>
<msg timestamp="20220126 17:22:38.665" level="INFO">Opening browser 'chrome' to base url 'https://training-wheels-protocol.herokuapp.com'.</msg>
<status status="PASS" starttime="20220126 17:22:38.665" endtime="20220126 17:22:44.452"/>
</kw>
<status status="PASS" starttime="20220126 17:22:38.664" endtime="20220126 17:22:44.452"/>
</kw>
<kw name="Go To" library="SeleniumLibrary">
<arg>${url}/login</arg>
<doc>Navigates the current browser window to the provided ``url``.</doc>
<msg timestamp="20220126 17:22:44.454" level="INFO">Opening url 'https://training-wheels-protocol.herokuapp.com/login'</msg>
<status status="PASS" starttime="20220126 17:22:44.454" endtime="20220126 17:22:45.282"/>
</kw>
<kw name="Login With">
<arg>stark</arg>
<arg>abc123</arg>
<kw name="Input Text" library="SeleniumLibrary">
<arg>css:input[name=username]</arg>
<arg>${username}</arg>
<doc>Types the given ``text`` into the text field identified by ``locator``.</doc>
<msg timestamp="20220126 17:22:45.290" level="INFO">Typing text 'stark' into text field 'css:input[name=username]'.</msg>
<status status="PASS" starttime="20220126 17:22:45.288" endtime="20220126 17:22:45.469"/>
</kw>
<kw name="Input Text" library="SeleniumLibrary">
<arg>css:input[name=password]</arg>
<arg>${password}</arg>
<doc>Types the given ``text`` into the text field identified by ``locator``.</doc>
<msg timestamp="20220126 17:22:45.472" level="INFO">Typing text 'abc123' into text field 'css:input[name=password]'.</msg>
<status status="PASS" starttime="20220126 17:22:45.470" endtime="20220126 17:22:45.661"/>
</kw>
<kw name="Click Element" library="SeleniumLibrary">
<arg>class:btn-login</arg>
<doc>Click the element identified by ``locator``.</doc>
<msg timestamp="20220126 17:22:45.662" level="INFO">Clicking element 'class:btn-login'.</msg>
<status status="PASS" starttime="20220126 17:22:45.661" endtime="20220126 17:22:46.348"/>
</kw>
<status status="PASS" starttime="20220126 17:22:45.285" endtime="20220126 17:22:46.348"/>
</kw>
<kw name="Should Contain Login Alert">
<arg>Senha é invalida!</arg>
<kw name="Get WebElement" library="SeleniumLibrary">
<var>${error_message}</var>
<arg>id:flash</arg>
<doc>Returns the first WebElement matching the given ``locator``.</doc>
<msg timestamp="20220126 17:22:46.368" level="INFO">${error_message} = &lt;selenium.webdriver.remote.webelement.WebElement (session="d9b4d259b5f1e435c8836111bbabcb8a", element="af9d30ba-4143-414a-926f-a396538e3e46")&gt;</msg>
<status status="PASS" starttime="20220126 17:22:46.350" endtime="20220126 17:22:46.368"/>
</kw>
<kw name="Should Contain" library="BuiltIn">
<arg>${error_message.text}</arg>
<arg>${expected_error_message}</arg>
<doc>Fails if ``container`` does not contain ``item`` one or more times.</doc>
<status status="PASS" starttime="20220126 17:22:46.369" endtime="20220126 17:22:46.393"/>
</kw>
<status status="PASS" starttime="20220126 17:22:46.348" endtime="20220126 17:22:46.393"/>
</kw>
<kw name="Encerra sessão" library="base" type="TEARDOWN">
<kw name="Capture Page Screenshot" library="SeleniumLibrary">
<doc>Takes a screenshot of the current page and embeds it into a log file.</doc>
<msg timestamp="20220126 17:22:46.630" level="INFO" html="true">&lt;/td&gt;&lt;/tr&gt;&lt;tr&gt;&lt;td colspan="3"&gt;&lt;a href="selenium-screenshot-45.png"&gt;&lt;img src="selenium-screenshot-45.png" width="800px"&gt;&lt;/a&gt;</msg>
<status status="PASS" starttime="20220126 17:22:46.394" endtime="20220126 17:22:46.630"/>
</kw>
<kw name="Close Browser" library="SeleniumLibrary">
<doc>Closes the current browser.</doc>
<status status="PASS" starttime="20220126 17:22:46.630" endtime="20220126 17:22:48.970"/>
</kw>
<status status="PASS" starttime="20220126 17:22:46.394" endtime="20220126 17:22:48.971"/>
</kw>
<tag>password_error</tag>
<status status="PASS" starttime="20220126 17:22:38.662" endtime="20220126 17:22:48.972"/>
</test>
<test id="s1-t4" name="Usuário inválido">
<kw name="Nova sessão" library="base" type="SETUP">
<kw name="Open Browser" library="SeleniumLibrary">
<arg>${url}</arg>
<arg>chrome</arg>
<doc>Opens a new browser instance to the optional ``url``.</doc>
<msg timestamp="20220126 17:22:48.976" level="INFO">Opening browser 'chrome' to base url 'https://training-wheels-protocol.herokuapp.com'.</msg>
<status status="PASS" starttime="20220126 17:22:48.975" endtime="20220126 17:22:54.240"/>
</kw>
<status status="PASS" starttime="20220126 17:22:48.975" endtime="20220126 17:22:54.241"/>
</kw>
<kw name="Go To" library="SeleniumLibrary">
<arg>${url}/login</arg>
<doc>Navigates the current browser window to the provided ``url``.</doc>
<msg timestamp="20220126 17:22:54.243" level="INFO">Opening url 'https://training-wheels-protocol.herokuapp.com/login'</msg>
<status status="PASS" starttime="20220126 17:22:54.243" endtime="20220126 17:22:54.966"/>
</kw>
<kw name="Login With">
<arg>fabio</arg>
<arg>jarvis!</arg>
<kw name="Input Text" library="SeleniumLibrary">
<arg>css:input[name=username]</arg>
<arg>${username}</arg>
<doc>Types the given ``text`` into the text field identified by ``locator``.</doc>
<msg timestamp="20220126 17:22:54.975" level="INFO">Typing text 'fabio' into text field 'css:input[name=username]'.</msg>
<status status="PASS" starttime="20220126 17:22:54.973" endtime="20220126 17:22:55.156"/>
</kw>
<kw name="Input Text" library="SeleniumLibrary">
<arg>css:input[name=password]</arg>
<arg>${password}</arg>
<doc>Types the given ``text`` into the text field identified by ``locator``.</doc>
<msg timestamp="20220126 17:22:55.157" level="INFO">Typing text 'jarvis!' into text field 'css:input[name=password]'.</msg>
<status status="PASS" starttime="20220126 17:22:55.156" endtime="20220126 17:22:55.332"/>
</kw>
<kw name="Click Element" library="SeleniumLibrary">
<arg>class:btn-login</arg>
<doc>Click the element identified by ``locator``.</doc>
<msg timestamp="20220126 17:22:55.333" level="INFO">Clicking element 'class:btn-login'.</msg>
<status status="PASS" starttime="20220126 17:22:55.332" endtime="20220126 17:22:56.044"/>
</kw>
<status status="PASS" starttime="20220126 17:22:54.968" endtime="20220126 17:22:56.045"/>
</kw>
<kw name="Should Contain Login Alert">
<arg>O usuário informado não está cadastrado!</arg>
<kw name="Get WebElement" library="SeleniumLibrary">
<var>${error_message}</var>
<arg>id:flash</arg>
<doc>Returns the first WebElement matching the given ``locator``.</doc>
<msg timestamp="20220126 17:22:56.072" level="INFO">${error_message} = &lt;selenium.webdriver.remote.webelement.WebElement (session="4140dd10053c611a327234836e1fc251", element="418ce009-09a5-4907-ba8a-9c12a49510fa")&gt;</msg>
<status status="PASS" starttime="20220126 17:22:56.047" endtime="20220126 17:22:56.072"/>
</kw>
<kw name="Should Contain" library="BuiltIn">
<arg>${error_message.text}</arg>
<arg>${expected_error_message}</arg>
<doc>Fails if ``container`` does not contain ``item`` one or more times.</doc>
<status status="PASS" starttime="20220126 17:22:56.073" endtime="20220126 17:22:56.108"/>
</kw>
<status status="PASS" starttime="20220126 17:22:56.047" endtime="20220126 17:22:56.108"/>
</kw>
<kw name="Encerra sessão" library="base" type="TEARDOWN">
<kw name="Capture Page Screenshot" library="SeleniumLibrary">
<doc>Takes a screenshot of the current page and embeds it into a log file.</doc>
<msg timestamp="20220126 17:22:56.347" level="INFO" html="true">&lt;/td&gt;&lt;/tr&gt;&lt;tr&gt;&lt;td colspan="3"&gt;&lt;a href="selenium-screenshot-46.png"&gt;&lt;img src="selenium-screenshot-46.png" width="800px"&gt;&lt;/a&gt;</msg>
<status status="PASS" starttime="20220126 17:22:56.109" endtime="20220126 17:22:56.347"/>
</kw>
<kw name="Close Browser" library="SeleniumLibrary">
<doc>Closes the current browser.</doc>
<status status="PASS" starttime="20220126 17:22:56.347" endtime="20220126 17:22:58.663"/>
</kw>
<status status="PASS" starttime="20220126 17:22:56.109" endtime="20220126 17:22:58.664"/>
</kw>
<tag>user_error</tag>
<status status="PASS" starttime="20220126 17:22:48.974" endtime="20220126 17:22:58.665"/>
</test>
<status status="PASS" starttime="20220126 17:22:16.622" endtime="20220126 17:22:58.670"/>
</suite>
<statistics>
<total>
<stat pass="4" fail="0" skip="0">All Tests</stat>
</total>
<tag>
<stat pass="1" fail="0" skip="0">password_error</stat>
<stat pass="1" fail="0" skip="0">user_error</stat>
</tag>
<suite>
<stat pass="4" fail="0" skip="0" id="s1" name="Login Form">Login Form</stat>
</suite>
</statistics>
<errors>
</errors>
</robot>
