<?xml version="1.0" encoding="UTF-8"?>
<robot generator="Robot 4.1.3 (Python 3.8.1 on win32)" generated="20220118 14:15:13.215" rpa="false" schemaversion="2">
<suite id="s1" name="Radio" source="C:\qaninja\robot\robot-framework-selenium\web\tests\radio.robot">
<test id="s1-t1" name="Selecionando por Id">
<kw name="Nova sessão" library="base" type="SETUP">
<kw name="Open Browser" library="SeleniumLibrary">
<arg>${url}</arg>
<arg>chrome</arg>
<doc>Opens a new browser instance to the optional ``url``.</doc>
<msg timestamp="20220118 14:15:13.525" level="INFO">Opening browser 'chrome' to base url 'https://training-wheels-protocol.herokuapp.com'.</msg>
<status status="PASS" starttime="20220118 14:15:13.525" endtime="20220118 14:15:19.429"/>
</kw>
<status status="PASS" starttime="20220118 14:15:13.524" endtime="20220118 14:15:19.430"/>
</kw>
<kw name="Go To" library="SeleniumLibrary">
<arg>${url}/radios</arg>
<doc>Navigates the current browser window to the provided ``url``.</doc>
<msg timestamp="20220118 14:15:19.432" level="INFO">Opening url 'https://training-wheels-protocol.herokuapp.com/radios'</msg>
<status status="PASS" starttime="20220118 14:15:19.432" endtime="20220118 14:15:20.264"/>
</kw>
<kw name="Select Radio Button" library="SeleniumLibrary">
<arg>movies</arg>
<arg>cap</arg>
<doc>Sets the radio button group ``group_name`` to ``value``.</doc>
<msg timestamp="20220118 14:15:20.266" level="INFO">Selecting 'cap' from radio button 'movies'.</msg>
<status status="PASS" starttime="20220118 14:15:20.265" endtime="20220118 14:15:20.336"/>
</kw>
<kw name="Radio Button Should Be Set To" library="SeleniumLibrary">
<arg>movies</arg>
<arg>cap</arg>
<doc>Verifies radio button group ``group_name`` is set to ``value``.</doc>
<msg timestamp="20220118 14:15:20.337" level="INFO">Verifying radio button 'movies' has selection 'cap'.</msg>
<status status="PASS" starttime="20220118 14:15:20.337" endtime="20220118 14:15:20.368"/>
</kw>
<kw name="Encerra sessão" library="base" type="TEARDOWN">
<kw name="Capture Page Screenshot" library="SeleniumLibrary">
<doc>Takes a screenshot of the current page and embeds it into a log file.</doc>
<msg timestamp="20220118 14:15:20.504" level="INFO" html="true">&lt;/td&gt;&lt;/tr&gt;&lt;tr&gt;&lt;td colspan="3"&gt;&lt;a href="selenium-screenshot-11.png"&gt;&lt;img src="selenium-screenshot-11.png" width="800px"&gt;&lt;/a&gt;</msg>
<status status="PASS" starttime="20220118 14:15:20.369" endtime="20220118 14:15:20.504"/>
</kw>
<kw name="Close Browser" library="SeleniumLibrary">
<doc>Closes the current browser.</doc>
<status status="PASS" starttime="20220118 14:15:20.504" endtime="20220118 14:15:22.727"/>
</kw>
<status status="PASS" starttime="20220118 14:15:20.369" endtime="20220118 14:15:22.728"/>
</kw>
<status status="PASS" starttime="20220118 14:15:13.523" endtime="20220118 14:15:22.729"/>
</test>
<test id="s1-t2" name="Selecionando por value">
<kw name="Nova sessão" library="base" type="SETUP">
<kw name="Open Browser" library="SeleniumLibrary">
<arg>${url}</arg>
<arg>chrome</arg>
<doc>Opens a new browser instance to the optional ``url``.</doc>
<msg timestamp="20220118 14:15:22.733" level="INFO">Opening browser 'chrome' to base url 'https://training-wheels-protocol.herokuapp.com'.</msg>
<status status="PASS" starttime="20220118 14:15:22.732" endtime="20220118 14:15:29.049"/>
</kw>
<status status="PASS" starttime="20220118 14:15:22.732" endtime="20220118 14:15:29.049"/>
</kw>
<kw name="Go To" library="SeleniumLibrary">
<arg>${url}/radios</arg>
<doc>Navigates the current browser window to the provided ``url``.</doc>
<msg timestamp="20220118 14:15:29.052" level="INFO">Opening url 'https://training-wheels-protocol.herokuapp.com/radios'</msg>
<status status="PASS" starttime="20220118 14:15:29.051" endtime="20220118 14:15:29.970"/>
</kw>
<kw name="Select Radio Button" library="SeleniumLibrary">
<arg>movies</arg>
<arg>guardians</arg>
<doc>Sets the radio button group ``group_name`` to ``value``.</doc>
<msg timestamp="20220118 14:15:29.973" level="INFO">Selecting 'guardians' from radio button 'movies'.</msg>
<status status="PASS" starttime="20220118 14:15:29.972" endtime="20220118 14:15:30.053"/>
</kw>
<kw name="Radio Button Should Be Set To" library="SeleniumLibrary">
<arg>movies</arg>
<arg>guardians</arg>
<doc>Verifies radio button group ``group_name`` is set to ``value``.</doc>
<msg timestamp="20220118 14:15:30.055" level="INFO">Verifying radio button 'movies' has selection 'guardians'.</msg>
<status status="PASS" starttime="20220118 14:15:30.055" endtime="20220118 14:15:30.121"/>
</kw>
<kw name="Encerra sessão" library="base" type="TEARDOWN">
<kw name="Capture Page Screenshot" library="SeleniumLibrary">
<doc>Takes a screenshot of the current page and embeds it into a log file.</doc>
<msg timestamp="20220118 14:15:30.239" level="INFO" html="true">&lt;/td&gt;&lt;/tr&gt;&lt;tr&gt;&lt;td colspan="3"&gt;&lt;a href="selenium-screenshot-12.png"&gt;&lt;img src="selenium-screenshot-12.png" width="800px"&gt;&lt;/a&gt;</msg>
<status status="PASS" starttime="20220118 14:15:30.122" endtime="20220118 14:15:30.239"/>
</kw>
<kw name="Close Browser" library="SeleniumLibrary">
<doc>Closes the current browser.</doc>
<status status="PASS" starttime="20220118 14:15:30.239" endtime="20220118 14:15:32.421"/>
</kw>
<status status="PASS" starttime="20220118 14:15:30.122" endtime="20220118 14:15:32.421"/>
</kw>
<status status="PASS" starttime="20220118 14:15:22.731" endtime="20220118 14:15:32.423"/>
</test>
<status status="PASS" starttime="20220118 14:15:13.216" endtime="20220118 14:15:32.429"/>
</suite>
<statistics>
<total>
<stat pass="2" fail="0" skip="0">All Tests</stat>
</total>
<tag>
</tag>
<suite>
<stat pass="2" fail="0" skip="0" id="s1" name="Radio">Radio</stat>
</suite>
</statistics>
<errors>
</errors>
</robot>
