<?xml version="1.0" encoding="UTF-8"?>
<robot generator="Robot 4.1.3 (Python 3.8.1 on win32)" generated="20220126 17:00:28.638" rpa="false" schemaversion="2">
<suite id="s1" name="Tests" source="c:\qaninja\robot\robot-framework-selenium\web\tests">
<suite id="s1-s1" name="Login Form" source="c:\qaninja\robot\robot-framework-selenium\web\tests\login_form.robot">
<test id="s1-s1-t1" name="Usuário inválido">
<kw name="Nova sessão" library="base" type="SETUP">
<kw name="Open Browser" library="SeleniumLibrary">
<arg>${url}</arg>
<arg>chrome</arg>
<doc>Opens a new browser instance to the optional ``url``.</doc>
<msg timestamp="20220126 17:00:29.013" level="INFO">Opening browser 'chrome' to base url 'https://training-wheels-protocol.herokuapp.com'.</msg>
<status status="PASS" starttime="20220126 17:00:29.013" endtime="20220126 17:00:34.010"/>
</kw>
<status status="PASS" starttime="20220126 17:00:29.013" endtime="20220126 17:00:34.010"/>
</kw>
<kw name="Go To" library="SeleniumLibrary">
<arg>${url}/login</arg>
<doc>Navigates the current browser window to the provided ``url``.</doc>
<msg timestamp="20220126 17:00:34.018" level="INFO">Opening url 'https://training-wheels-protocol.herokuapp.com/login'</msg>
<status status="PASS" starttime="20220126 17:00:34.018" endtime="20220126 17:00:34.755"/>
</kw>
<kw name="Input Text" library="SeleniumLibrary">
<arg>id:userId</arg>
<arg>fabio</arg>
<doc>Types the given ``text`` into the text field identified by ``locator``.</doc>
<msg timestamp="20220126 17:00:34.763" level="INFO">Typing text 'fabio' into text field 'id:userId'.</msg>
<status status="PASS" starttime="20220126 17:00:34.755" endtime="20220126 17:00:34.875"/>
</kw>
<kw name="Input Text" library="SeleniumLibrary">
<arg>id:passId</arg>
<arg>jarvis!</arg>
<doc>Types the given ``text`` into the text field identified by ``locator``.</doc>
<msg timestamp="20220126 17:00:34.875" level="INFO">Typing text 'jarvis!' into text field 'id:passId'.</msg>
<status status="PASS" starttime="20220126 17:00:34.875" endtime="20220126 17:00:34.987"/>
</kw>
<kw name="Click Element" library="SeleniumLibrary">
<arg>class:btn-login</arg>
<doc>Click the element identified by ``locator``.</doc>
<msg timestamp="20220126 17:00:34.987" level="INFO">Clicking element 'class:btn-login'.</msg>
<status status="PASS" starttime="20220126 17:00:34.987" endtime="20220126 17:00:35.744"/>
</kw>
<kw name="Get WebElement" library="SeleniumLibrary">
<var>${error_message}</var>
<arg>id:flash</arg>
<doc>Returns the first WebElement matching the given ``locator``.</doc>
<msg timestamp="20220126 17:00:35.760" level="INFO">${error_message} = &lt;selenium.webdriver.remote.webelement.WebElement (session="b3b8a6f7bb228589cfe98c3bad1442ed", element="9143c2ba-bc82-4c53-8b55-d8d61c7f6d90")&gt;</msg>
<status status="PASS" starttime="20220126 17:00:35.744" endtime="20220126 17:00:35.760"/>
</kw>
<kw name="Should Contain" library="BuiltIn">
<arg>${error_message.text}</arg>
<arg>O usuário informado não está cadastrado!</arg>
<doc>Fails if ``container`` does not contain ``item`` one or more times.</doc>
<status status="PASS" starttime="20220126 17:00:35.760" endtime="20220126 17:00:35.784"/>
</kw>
<kw name="Encerra sessão" library="base" type="TEARDOWN">
<kw name="Capture Page Screenshot" library="SeleniumLibrary">
<doc>Takes a screenshot of the current page and embeds it into a log file.</doc>
<msg timestamp="20220126 17:00:36.000" level="INFO" html="true">&lt;/td&gt;&lt;/tr&gt;&lt;tr&gt;&lt;td colspan="3"&gt;&lt;a href="selenium-screenshot-42.png"&gt;&lt;img src="selenium-screenshot-42.png" width="800px"&gt;&lt;/a&gt;</msg>
<status status="PASS" starttime="20220126 17:00:35.784" endtime="20220126 17:00:36.008"/>
</kw>
<kw name="Close Browser" library="SeleniumLibrary">
<doc>Closes the current browser.</doc>
<status status="PASS" starttime="20220126 17:00:36.008" endtime="20220126 17:00:39.316"/>
</kw>
<status status="PASS" starttime="20220126 17:00:35.784" endtime="20220126 17:00:39.316"/>
</kw>
<tag>user_error</tag>
<status status="PASS" starttime="20220126 17:00:29.013" endtime="20220126 17:00:39.316"/>
</test>
<status status="PASS" starttime="20220126 17:00:28.688" endtime="20220126 17:00:39.323"/>
</suite>
<status status="PASS" starttime="20220126 17:00:28.647" endtime="20220126 17:00:39.323"/>
</suite>
<statistics>
<total>
<stat pass="1" fail="0" skip="0">All Tests</stat>
</total>
<tag>
<stat pass="1" fail="0" skip="0">user_error</stat>
</tag>
<suite>
<stat pass="1" fail="0" skip="0" id="s1" name="Tests">Tests</stat>
<stat pass="1" fail="0" skip="0" id="s1-s1" name="Login Form">Tests.Login Form</stat>
</suite>
</statistics>
<errors>
</errors>
</robot>
