<?xml version="1.0" encoding="UTF-8"?>
<robot generator="Robot 4.1.3 (Python 3.8.1 on win32)" generated="20220118 15:25:28.666" rpa="false" schemaversion="2">
<suite id="s1" name="Tables" source="C:\qaninja\robot\robot-framework-selenium\web\tests\tables.robot">
<test id="s1-t1" name="Verifica o valor ao informar o numero da linha">
<kw name="Nova sessão" library="base" type="SETUP">
<kw name="Open Browser" library="SeleniumLibrary">
<arg>${url}</arg>
<arg>chrome</arg>
<doc>Opens a new browser instance to the optional ``url``.</doc>
<msg timestamp="20220118 15:25:28.944" level="INFO">Opening browser 'chrome' to base url 'https://training-wheels-protocol.herokuapp.com'.</msg>
<status status="PASS" starttime="20220118 15:25:28.944" endtime="20220118 15:25:34.540"/>
</kw>
<status status="PASS" starttime="20220118 15:25:28.943" endtime="20220118 15:25:34.540"/>
</kw>
<kw name="Go To" library="SeleniumLibrary">
<arg>${url}/tables</arg>
<doc>Navigates the current browser window to the provided ``url``.</doc>
<msg timestamp="20220118 15:25:34.542" level="INFO">Opening url 'https://training-wheels-protocol.herokuapp.com/tables'</msg>
<status status="PASS" starttime="20220118 15:25:34.541" endtime="20220118 15:25:35.079"/>
</kw>
<kw name="Table Row Should Contain" library="SeleniumLibrary">
<arg>id:actors</arg>
<arg>1</arg>
<arg>$ 10.000.000</arg>
<doc>Verifies that table row contains text ``expected``.</doc>
<status status="PASS" starttime="20220118 15:25:35.080" endtime="20220118 15:25:35.161"/>
</kw>
<kw name="Table Row Should Contain" library="SeleniumLibrary">
<arg>id:actors</arg>
<arg>1</arg>
<arg>@robertdowneyjr</arg>
<doc>Verifies that table row contains text ``expected``.</doc>
<status status="PASS" starttime="20220118 15:25:35.162" endtime="20220118 15:25:35.217"/>
</kw>
<kw name="Encerra sessão" library="base" type="TEARDOWN">
<kw name="Capture Page Screenshot" library="SeleniumLibrary">
<doc>Takes a screenshot of the current page and embeds it into a log file.</doc>
<msg timestamp="20220118 15:25:35.340" level="INFO" html="true">&lt;/td&gt;&lt;/tr&gt;&lt;tr&gt;&lt;td colspan="3"&gt;&lt;a href="selenium-screenshot-27.png"&gt;&lt;img src="selenium-screenshot-27.png" width="800px"&gt;&lt;/a&gt;</msg>
<status status="PASS" starttime="20220118 15:25:35.218" endtime="20220118 15:25:35.340"/>
</kw>
<kw name="Close Browser" library="SeleniumLibrary">
<doc>Closes the current browser.</doc>
<status status="PASS" starttime="20220118 15:25:35.341" endtime="20220118 15:25:37.545"/>
</kw>
<status status="PASS" starttime="20220118 15:25:35.218" endtime="20220118 15:25:37.546"/>
</kw>
<status status="PASS" starttime="20220118 15:25:28.943" endtime="20220118 15:25:37.547"/>
</test>
<test id="s1-t2" name="Descobre a linha pelo texto chave e valida os demais valores">
<kw name="Nova sessão" library="base" type="SETUP">
<kw name="Open Browser" library="SeleniumLibrary">
<arg>${url}</arg>
<arg>chrome</arg>
<doc>Opens a new browser instance to the optional ``url``.</doc>
<msg timestamp="20220118 15:25:37.554" level="INFO">Opening browser 'chrome' to base url 'https://training-wheels-protocol.herokuapp.com'.</msg>
<status status="PASS" starttime="20220118 15:25:37.553" endtime="20220118 15:25:43.234"/>
</kw>
<status status="PASS" starttime="20220118 15:25:37.553" endtime="20220118 15:25:43.235"/>
</kw>
<kw name="Go To" library="SeleniumLibrary">
<arg>${url}/tables</arg>
<doc>Navigates the current browser window to the provided ``url``.</doc>
<msg timestamp="20220118 15:25:43.239" level="INFO">Opening url 'https://training-wheels-protocol.herokuapp.com/tables'</msg>
<status status="PASS" starttime="20220118 15:25:43.237" endtime="20220118 15:25:43.599"/>
</kw>
<kw name="Get WebElement" library="SeleniumLibrary">
<var>${target}</var>
<arg>xpath:.//tr[contains(., '@chadwickboseman')]</arg>
<doc>Returns the first WebElement matching the given ``locator``.</doc>
<msg timestamp="20220118 15:25:43.614" level="INFO">${target} = &lt;selenium.webdriver.remote.webelement.WebElement (session="1b1e79272e54d70f2fa01c0c29ee678d", element="a6577d9f-ff6f-417b-bd36-45a9c556ae5e")&gt;</msg>
<status status="PASS" starttime="20220118 15:25:43.600" endtime="20220118 15:25:43.614"/>
</kw>
<kw name="Log" library="BuiltIn">
<arg>${target.text}</arg>
<doc>Logs the given message with the given level.</doc>
<msg timestamp="20220118 15:25:43.629" level="INFO">Chadwick Boseman Pantera Negra Vingadores $ 700.000 @chadwickboseman edit delete</msg>
<status status="PASS" starttime="20220118 15:25:43.615" endtime="20220118 15:25:43.629"/>
</kw>
<kw name="Should Contain" library="BuiltIn">
<arg>${target.text}</arg>
<arg>$ 700.000</arg>
<doc>Fails if ``container`` does not contain ``item`` one or more times.</doc>
<status status="PASS" starttime="20220118 15:25:43.630" endtime="20220118 15:25:43.639"/>
</kw>
<kw name="Should Contain" library="BuiltIn">
<arg>${target.text}</arg>
<arg>Pantera Negra</arg>
<doc>Fails if ``container`` does not contain ``item`` one or more times.</doc>
<status status="PASS" starttime="20220118 15:25:43.640" endtime="20220118 15:25:43.649"/>
</kw>
<kw name="Encerra sessão" library="base" type="TEARDOWN">
<kw name="Capture Page Screenshot" library="SeleniumLibrary">
<doc>Takes a screenshot of the current page and embeds it into a log file.</doc>
<msg timestamp="20220118 15:25:43.777" level="INFO" html="true">&lt;/td&gt;&lt;/tr&gt;&lt;tr&gt;&lt;td colspan="3"&gt;&lt;a href="selenium-screenshot-28.png"&gt;&lt;img src="selenium-screenshot-28.png" width="800px"&gt;&lt;/a&gt;</msg>
<status status="PASS" starttime="20220118 15:25:43.650" endtime="20220118 15:25:43.777"/>
</kw>
<kw name="Close Browser" library="SeleniumLibrary">
<doc>Closes the current browser.</doc>
<status status="PASS" starttime="20220118 15:25:43.777" endtime="20220118 15:25:46.003"/>
</kw>
<status status="PASS" starttime="20220118 15:25:43.649" endtime="20220118 15:25:46.003"/>
</kw>
<status status="PASS" starttime="20220118 15:25:37.552" endtime="20220118 15:25:46.005"/>
</test>
<status status="PASS" starttime="20220118 15:25:28.668" endtime="20220118 15:25:46.010"/>
</suite>
<statistics>
<total>
<stat pass="2" fail="0" skip="0">All Tests</stat>
</total>
<tag>
</tag>
<suite>
<stat pass="2" fail="0" skip="0" id="s1" name="Tables">Tables</stat>
</suite>
</statistics>
<errors>
</errors>
</robot>
