<?xml version="1.0" encoding="UTF-8"?>
<robot generator="Robot 4.1.2 (Python 3.10.0 on win32)" generated="20220112 19:32:18.504" rpa="false" schemaversion="2">
<suite id="s1" name="Tests" source="C:\qaninja\robot\web\tests">
<suite id="s1-s1" name="Checkbox" source="C:\qaninja\robot\web\tests\checkbox.robot">
<test id="s1-s1-t1" name="Marcando opção com Id">
<kw name="Nova sessão" library="base" type="SETUP">
<kw name="Open Browser" library="SeleniumLibrary">
<arg>${url}</arg>
<arg>chrome</arg>
<doc>Opens a new browser instance to the optional ``url``.</doc>
<msg timestamp="20220112 19:32:18.762" level="INFO">Opening browser 'chrome' to base url 'https://training-wheels-protocol.herokuapp.com'.</msg>
<status status="PASS" starttime="20220112 19:32:18.762" endtime="20220112 19:32:24.031"/>
</kw>
<status status="PASS" starttime="20220112 19:32:18.762" endtime="20220112 19:32:24.031"/>
</kw>
<kw name="Go To" library="SeleniumLibrary">
<arg>${url}/checkboxes</arg>
<doc>Navigates the current browser window to the provided ``url``.</doc>
<msg timestamp="20220112 19:32:24.032" level="INFO">Opening url 'https://training-wheels-protocol.herokuapp.com/checkboxes'</msg>
<status status="PASS" starttime="20220112 19:32:24.031" endtime="20220112 19:32:24.351"/>
</kw>
<kw name="Select Checkbox" library="SeleniumLibrary">
<arg>${cehck_thor}</arg>
<doc>Selects the checkbox identified by ``locator``.</doc>
<msg timestamp="20220112 19:32:24.352" level="INFO">Selecting checkbox 'id:thor'.</msg>
<status status="PASS" starttime="20220112 19:32:24.351" endtime="20220112 19:32:24.468"/>
</kw>
<kw name="Checkbox Should Be Selected" library="SeleniumLibrary">
<arg>${cehck_thor}</arg>
<doc>Verifies checkbox ``locator`` is selected/checked.</doc>
<msg timestamp="20220112 19:32:24.469" level="INFO">Verifying checkbox 'id:thor' is selected.</msg>
<status status="PASS" starttime="20220112 19:32:24.468" endtime="20220112 19:32:24.496"/>
</kw>
<kw name="Encerra sessão" library="base" type="TEARDOWN">
<kw name="Capture Page Screenshot" library="SeleniumLibrary">
<doc>Takes a screenshot of the current page and embeds it into a log file.</doc>
<msg timestamp="20220112 19:32:24.700" level="INFO" html="true">&lt;/td&gt;&lt;/tr&gt;&lt;tr&gt;&lt;td colspan="3"&gt;&lt;a href="selenium-screenshot-7.png"&gt;&lt;img src="selenium-screenshot-7.png" width="800px"&gt;&lt;/a&gt;</msg>
<status status="PASS" starttime="20220112 19:32:24.497" endtime="20220112 19:32:24.700"/>
</kw>
<kw name="Close Browser" library="SeleniumLibrary">
<doc>Closes the current browser.</doc>
<status status="PASS" starttime="20220112 19:32:24.700" endtime="20220112 19:32:26.815"/>
</kw>
<status status="PASS" starttime="20220112 19:32:24.497" endtime="20220112 19:32:26.816"/>
</kw>
<status status="PASS" starttime="20220112 19:32:18.761" endtime="20220112 19:32:26.817"/>
</test>
<test id="s1-s1-t2" name="Marcando opção com CSS Selector">
<kw name="Nova sessão" library="base" type="SETUP">
<kw name="Open Browser" library="SeleniumLibrary">
<arg>${url}</arg>
<arg>chrome</arg>
<doc>Opens a new browser instance to the optional ``url``.</doc>
<msg timestamp="20220112 19:32:26.826" level="INFO">Opening browser 'chrome' to base url 'https://training-wheels-protocol.herokuapp.com'.</msg>
<status status="PASS" starttime="20220112 19:32:26.825" endtime="20220112 19:32:33.820"/>
</kw>
<status status="PASS" starttime="20220112 19:32:26.824" endtime="20220112 19:32:33.821"/>
</kw>
<kw name="Go To" library="SeleniumLibrary">
<arg>${url}/checkboxes</arg>
<doc>Navigates the current browser window to the provided ``url``.</doc>
<msg timestamp="20220112 19:32:33.825" level="INFO">Opening url 'https://training-wheels-protocol.herokuapp.com/checkboxes'</msg>
<status status="PASS" starttime="20220112 19:32:33.824" endtime="20220112 19:32:34.200"/>
</kw>
<kw name="Select Checkbox" library="SeleniumLibrary">
<arg>${cehck_ironman}</arg>
<doc>Selects the checkbox identified by ``locator``.</doc>
<msg timestamp="20220112 19:32:34.202" level="INFO">Selecting checkbox 'css:input[value='iron-man']'.</msg>
<status status="PASS" starttime="20220112 19:32:34.201" endtime="20220112 19:32:34.277"/>
</kw>
<kw name="Checkbox Should Be Selected" library="SeleniumLibrary">
<arg>${cehck_ironman}</arg>
<doc>Verifies checkbox ``locator`` is selected/checked.</doc>
<msg timestamp="20220112 19:32:34.278" level="INFO">Verifying checkbox 'css:input[value='iron-man']' is selected.</msg>
<status status="PASS" starttime="20220112 19:32:34.277" endtime="20220112 19:32:34.304"/>
</kw>
<kw name="Encerra sessão" library="base" type="TEARDOWN">
<kw name="Capture Page Screenshot" library="SeleniumLibrary">
<doc>Takes a screenshot of the current page and embeds it into a log file.</doc>
<msg timestamp="20220112 19:32:34.445" level="INFO" html="true">&lt;/td&gt;&lt;/tr&gt;&lt;tr&gt;&lt;td colspan="3"&gt;&lt;a href="selenium-screenshot-8.png"&gt;&lt;img src="selenium-screenshot-8.png" width="800px"&gt;&lt;/a&gt;</msg>
<status status="PASS" starttime="20220112 19:32:34.305" endtime="20220112 19:32:34.446"/>
</kw>
<kw name="Close Browser" library="SeleniumLibrary">
<doc>Closes the current browser.</doc>
<status status="PASS" starttime="20220112 19:32:34.446" endtime="20220112 19:32:36.570"/>
</kw>
<status status="PASS" starttime="20220112 19:32:34.305" endtime="20220112 19:32:36.571"/>
</kw>
<tag>ironman</tag>
<status status="PASS" starttime="20220112 19:32:26.821" endtime="20220112 19:32:36.573"/>
</test>
<test id="s1-s1-t3" name="Marcando opção com CSS Selector - Pantera negra">
<kw name="Nova sessão" library="base" type="SETUP">
<kw name="Open Browser" library="SeleniumLibrary">
<arg>${url}</arg>
<arg>chrome</arg>
<doc>Opens a new browser instance to the optional ``url``.</doc>
<msg timestamp="20220112 19:32:36.588" level="INFO">Opening browser 'chrome' to base url 'https://training-wheels-protocol.herokuapp.com'.</msg>
<status status="PASS" starttime="20220112 19:32:36.587" endtime="20220112 19:32:43.033"/>
</kw>
<status status="PASS" starttime="20220112 19:32:36.585" endtime="20220112 19:32:43.033"/>
</kw>
<kw name="Go To" library="SeleniumLibrary">
<arg>${url}/checkboxes</arg>
<doc>Navigates the current browser window to the provided ``url``.</doc>
<msg timestamp="20220112 19:32:43.037" level="INFO">Opening url 'https://training-wheels-protocol.herokuapp.com/checkboxes'</msg>
<status status="PASS" starttime="20220112 19:32:43.036" endtime="20220112 19:32:43.389"/>
</kw>
<kw name="Select Checkbox" library="SeleniumLibrary">
<arg>${cehck_black_panther}</arg>
<doc>Selects the checkbox identified by ``locator``.</doc>
<msg timestamp="20220112 19:32:43.390" level="INFO">Selecting checkbox 'css:input[value=black-panther]'.</msg>
<status status="PASS" starttime="20220112 19:32:43.390" endtime="20220112 19:32:43.472"/>
</kw>
<kw name="Checkbox Should Be Selected" library="SeleniumLibrary">
<arg>${cehck_black_panther}</arg>
<doc>Verifies checkbox ``locator`` is selected/checked.</doc>
<msg timestamp="20220112 19:32:43.473" level="INFO">Verifying checkbox 'css:input[value=black-panther]' is selected.</msg>
<status status="PASS" starttime="20220112 19:32:43.473" endtime="20220112 19:32:43.503"/>
</kw>
<kw name="Encerra sessão" library="base" type="TEARDOWN">
<kw name="Capture Page Screenshot" library="SeleniumLibrary">
<doc>Takes a screenshot of the current page and embeds it into a log file.</doc>
<msg timestamp="20220112 19:32:43.641" level="INFO" html="true">&lt;/td&gt;&lt;/tr&gt;&lt;tr&gt;&lt;td colspan="3"&gt;&lt;a href="selenium-screenshot-9.png"&gt;&lt;img src="selenium-screenshot-9.png" width="800px"&gt;&lt;/a&gt;</msg>
<status status="PASS" starttime="20220112 19:32:43.505" endtime="20220112 19:32:43.641"/>
</kw>
<kw name="Close Browser" library="SeleniumLibrary">
<doc>Closes the current browser.</doc>
<status status="PASS" starttime="20220112 19:32:43.641" endtime="20220112 19:32:45.750"/>
</kw>
<status status="PASS" starttime="20220112 19:32:43.504" endtime="20220112 19:32:45.751"/>
</kw>
<tag>black-panther</tag>
<status status="PASS" starttime="20220112 19:32:36.582" endtime="20220112 19:32:45.753"/>
</test>
<test id="s1-s1-t4" name="Marcando opção com Xpath">
<kw name="Nova sessão" library="base" type="SETUP">
<kw name="Open Browser" library="SeleniumLibrary">
<arg>${url}</arg>
<arg>chrome</arg>
<doc>Opens a new browser instance to the optional ``url``.</doc>
<msg timestamp="20220112 19:32:45.770" level="INFO">Opening browser 'chrome' to base url 'https://training-wheels-protocol.herokuapp.com'.</msg>
<status status="PASS" starttime="20220112 19:32:45.769" endtime="20220112 19:32:50.755"/>
</kw>
<status status="PASS" starttime="20220112 19:32:45.767" endtime="20220112 19:32:50.755"/>
</kw>
<kw name="Go To" library="SeleniumLibrary">
<arg>${url}/checkboxes</arg>
<doc>Navigates the current browser window to the provided ``url``.</doc>
<msg timestamp="20220112 19:32:50.756" level="INFO">Opening url 'https://training-wheels-protocol.herokuapp.com/checkboxes'</msg>
<status status="PASS" starttime="20220112 19:32:50.756" endtime="20220112 19:32:51.035"/>
</kw>
<kw name="Select Checkbox" library="SeleniumLibrary">
<arg>xpath://*[@id='checkbox']/input[7]</arg>
<doc>Selects the checkbox identified by ``locator``.</doc>
<msg timestamp="20220112 19:32:51.036" level="INFO">Selecting checkbox 'xpath://*[@id='checkbox']/input[7]'.</msg>
<kw name="Capture Page Screenshot" library="SeleniumLibrary">
<doc>Takes a screenshot of the current page and embeds it into a log file.</doc>
<msg timestamp="20220112 19:32:51.276" level="INFO" html="true">&lt;/td&gt;&lt;/tr&gt;&lt;tr&gt;&lt;td colspan="3"&gt;&lt;a href="selenium-screenshot-10.png"&gt;&lt;img src="selenium-screenshot-10.png" width="800px"&gt;&lt;/a&gt;</msg>
<status status="PASS" starttime="20220112 19:32:51.048" endtime="20220112 19:32:51.276"/>
</kw>
<msg timestamp="20220112 19:32:51.280" level="FAIL">Checkbox with locator 'xpath://*[@id='checkbox']/input[7]' not found.</msg>
<status status="FAIL" starttime="20220112 19:32:51.035" endtime="20220112 19:32:51.280"/>
</kw>
<kw name="Checkbox Should Be Selected" library="SeleniumLibrary">
<arg>xpath://*[@id='checkbox']/input[7]</arg>
<doc>Verifies checkbox ``locator`` is selected/checked.</doc>
<status status="NOT RUN" starttime="20220112 19:32:51.281" endtime="20220112 19:32:51.281"/>
</kw>
<kw name="Encerra sessão" library="base" type="TEARDOWN">
<kw name="Capture Page Screenshot" library="SeleniumLibrary">
<doc>Takes a screenshot of the current page and embeds it into a log file.</doc>
<msg timestamp="20220112 19:32:51.403" level="INFO" html="true">&lt;/td&gt;&lt;/tr&gt;&lt;tr&gt;&lt;td colspan="3"&gt;&lt;a href="selenium-screenshot-11.png"&gt;&lt;img src="selenium-screenshot-11.png" width="800px"&gt;&lt;/a&gt;</msg>
<status status="PASS" starttime="20220112 19:32:51.282" endtime="20220112 19:32:51.403"/>
</kw>
<kw name="Close Browser" library="SeleniumLibrary">
<doc>Closes the current browser.</doc>
<status status="PASS" starttime="20220112 19:32:51.403" endtime="20220112 19:32:53.740"/>
</kw>
<status status="PASS" starttime="20220112 19:32:51.282" endtime="20220112 19:32:53.740"/>
</kw>
<status status="FAIL" starttime="20220112 19:32:45.765" endtime="20220112 19:32:53.741">Checkbox with locator 'xpath://*[@id='checkbox']/input[7]' not found.</status>
</test>
<status status="FAIL" starttime="20220112 19:32:18.532" endtime="20220112 19:32:53.744"/>
</suite>
<suite id="s1-s2" name="Title" source="C:\qaninja\robot\web\tests\title.robot">
<test id="s1-s2-t1" name="Should See Page Title">
<kw name="Nova sessão" library="base" type="SETUP">
<kw name="Open Browser" library="SeleniumLibrary">
<arg>${url}</arg>
<arg>chrome</arg>
<doc>Opens a new browser instance to the optional ``url``.</doc>
<msg timestamp="20220112 19:32:53.753" level="INFO">Opening browser 'chrome' to base url 'https://training-wheels-protocol.herokuapp.com'.</msg>
<status status="PASS" starttime="20220112 19:32:53.752" endtime="20220112 19:32:59.681"/>
</kw>
<status status="PASS" starttime="20220112 19:32:53.752" endtime="20220112 19:32:59.681"/>
</kw>
<kw name="Title Should Be" library="SeleniumLibrary">
<arg>Training Wheels Protocol</arg>
<doc>Verifies that the current page title equals ``title``.</doc>
<msg timestamp="20220112 19:32:59.686" level="INFO">Page title is 'Training Wheels Protocol'.</msg>
<status status="PASS" starttime="20220112 19:32:59.682" endtime="20220112 19:32:59.686"/>
</kw>
<kw name="Encerra sessão" library="base" type="TEARDOWN">
<kw name="Capture Page Screenshot" library="SeleniumLibrary">
<doc>Takes a screenshot of the current page and embeds it into a log file.</doc>
<msg timestamp="20220112 19:32:59.886" level="INFO" html="true">&lt;/td&gt;&lt;/tr&gt;&lt;tr&gt;&lt;td colspan="3"&gt;&lt;a href="selenium-screenshot-12.png"&gt;&lt;img src="selenium-screenshot-12.png" width="800px"&gt;&lt;/a&gt;</msg>
<status status="PASS" starttime="20220112 19:32:59.687" endtime="20220112 19:32:59.886"/>
</kw>
<kw name="Close Browser" library="SeleniumLibrary">
<doc>Closes the current browser.</doc>
<status status="PASS" starttime="20220112 19:32:59.886" endtime="20220112 19:33:02.012"/>
</kw>
<status status="PASS" starttime="20220112 19:32:59.687" endtime="20220112 19:33:02.013"/>
</kw>
<status status="PASS" starttime="20220112 19:32:53.751" endtime="20220112 19:33:02.014"/>
</test>
<status status="PASS" starttime="20220112 19:32:53.747" endtime="20220112 19:33:02.018"/>
</suite>
<status status="FAIL" starttime="20220112 19:32:18.505" endtime="20220112 19:33:02.025"/>
</suite>
<statistics>
<total>
<stat pass="4" fail="1" skip="0">All Tests</stat>
</total>
<tag>
<stat pass="1" fail="0" skip="0">black-panther</stat>
<stat pass="1" fail="0" skip="0">ironman</stat>
</tag>
<suite>
<stat pass="4" fail="1" skip="0" id="s1" name="Tests">Tests</stat>
<stat pass="3" fail="1" skip="0" id="s1-s1" name="Checkbox">Tests.Checkbox</stat>
<stat pass="1" fail="0" skip="0" id="s1-s2" name="Title">Tests.Title</stat>
</suite>
</statistics>
<errors>
</errors>
</robot>
